2020-04-01 14:26:18.623  INFO [servicio-usuarios,,,] 13100 --- [restartedMain] .u.SpringbootServicioUsuariosApplication : The following profiles are active: dev
2020-04-01 14:26:19.487  INFO [servicio-usuarios,,,] 13100 --- [restartedMain] .s.d.r.c.RepositoryConfigurationDelegate : Bootstrapping Spring Data repositories in DEFAULT mode.
2020-04-01 14:26:19.551  INFO [servicio-usuarios,,,] 13100 --- [restartedMain] .s.d.r.c.RepositoryConfigurationDelegate : Finished Spring Data repository scanning in 55ms. Found 1 repository interfaces.
2020-04-01 14:26:19.908  INFO [servicio-usuarios,,,] 13100 --- [restartedMain] o.s.cloud.context.scope.GenericScope     : BeanFactory id=76677807-8716-3a10-8801-db5dc123a266
2020-04-01 14:26:20.111  INFO [servicio-usuarios,,,] 13100 --- [restartedMain] trationDelegate$BeanPostProcessorChecker : Bean 'org.springframework.transaction.annotation.ProxyTransactionManagementConfiguration' of type [org.springframework.transaction.annotation.ProxyTransactionManagementConfiguration$$EnhancerBySpringCGLIB$$397674d2] is not eligible for getting processed by all BeanPostProcessors (for example: not eligible for auto-proxying)
2020-04-01 14:26:20.136  INFO [servicio-usuarios,,,] 13100 --- [restartedMain] trationDelegate$BeanPostProcessorChecker : Bean 'org.springframework.hateoas.config.HateoasConfiguration' of type [org.springframework.hateoas.config.HateoasConfiguration$$EnhancerBySpringCGLIB$$b8f6c204] is not eligible for getting processed by all BeanPostProcessors (for example: not eligible for auto-proxying)
2020-04-01 14:26:20.157  INFO [servicio-usuarios,,,] 13100 --- [restartedMain] trationDelegate$BeanPostProcessorChecker : Bean 'org.springframework.cloud.autoconfigure.ConfigurationPropertiesRebinderAutoConfiguration' of type [org.springframework.cloud.autoconfigure.ConfigurationPropertiesRebinderAutoConfiguration$$EnhancerBySpringCGLIB$$559077cf] is not eligible for getting processed by all BeanPostProcessors (for example: not eligible for auto-proxying)
2020-04-01 14:26:20.860  INFO [servicio-usuarios,,,] 13100 --- [restartedMain] o.s.b.w.embedded.tomcat.TomcatWebServer  : Tomcat initialized with port(s): 0 (http)
2020-04-01 14:26:20.884  INFO [servicio-usuarios,,,] 13100 --- [restartedMain] o.apache.catalina.core.StandardService   : Starting service [Tomcat]
2020-04-01 14:26:20.885  INFO [servicio-usuarios,,,] 13100 --- [restartedMain] org.apache.catalina.core.StandardEngine  : Starting Servlet engine: [Apache Tomcat/9.0.21]
2020-04-01 14:26:21.007  INFO [servicio-usuarios,,,] 13100 --- [restartedMain] o.a.c.c.C.[Tomcat].[localhost].[/]       : Initializing Spring embedded WebApplicationContext
2020-04-01 14:26:21.007  INFO [servicio-usuarios,,,] 13100 --- [restartedMain] o.s.web.context.ContextLoader            : Root WebApplicationContext: initialization completed in 2370 ms
2020-04-01 14:26:21.958  INFO [servicio-usuarios,,,] 13100 --- [restartedMain] com.zaxxer.hikari.HikariDataSource       : HikariPool-1 - Starting...
2020-04-01 14:26:22.080  INFO [servicio-usuarios,,,] 13100 --- [restartedMain] com.zaxxer.hikari.HikariDataSource       : HikariPool-1 - Start completed.
2020-04-01 14:26:22.162  INFO [servicio-usuarios,,,] 13100 --- [restartedMain] o.hibernate.jpa.internal.util.LogHelper  : HHH000204: Processing PersistenceUnitInfo [
	name: default
	...]
2020-04-01 14:26:22.263  INFO [servicio-usuarios,,,] 13100 --- [restartedMain] org.hibernate.Version                    : HHH000412: Hibernate Core {5.3.10.Final}
2020-04-01 14:26:22.264  INFO [servicio-usuarios,,,] 13100 --- [restartedMain] org.hibernate.cfg.Environment            : HHH000206: hibernate.properties not found
2020-04-01 14:26:22.483  INFO [servicio-usuarios,,,] 13100 --- [restartedMain] o.hibernate.annotations.common.Version   : HCANN000001: Hibernate Commons Annotations {5.0.4.Final}
2020-04-01 14:26:22.649  INFO [servicio-usuarios,,,] 13100 --- [restartedMain] org.hibernate.dialect.Dialect            : HHH000400: Using dialect: org.hibernate.dialect.H2Dialect
2020-04-01 14:26:23.295 DEBUG [servicio-usuarios,,,] 13100 --- [restartedMain] org.hibernate.SQL                        : drop table roles if exists
2020-04-01 14:26:23.297 DEBUG [servicio-usuarios,,,] 13100 --- [restartedMain] org.hibernate.SQL                        : drop table usuarios if exists
2020-04-01 14:26:23.297 DEBUG [servicio-usuarios,,,] 13100 --- [restartedMain] org.hibernate.SQL                        : drop table usuarios_roles if exists
2020-04-01 14:26:23.300 DEBUG [servicio-usuarios,,,] 13100 --- [restartedMain] org.hibernate.SQL                        : create table roles (id bigint generated by default as identity, nombre varchar(30), primary key (id))
2020-04-01 14:26:23.308 DEBUG [servicio-usuarios,,,] 13100 --- [restartedMain] org.hibernate.SQL                        : create table usuarios (id bigint generated by default as identity, apellido varchar(255), edad varchar(255), email varchar(100), enabled boolean, intentos int default 0, nombre varchar(255), password varchar(60), username varchar(20), primary key (id))
2020-04-01 14:26:23.309 DEBUG [servicio-usuarios,,,] 13100 --- [restartedMain] org.hibernate.SQL                        : create table usuarios_roles (usuario_id bigint not null, role_id bigint not null)
2020-04-01 14:26:23.309 DEBUG [servicio-usuarios,,,] 13100 --- [restartedMain] org.hibernate.SQL                        : alter table roles add constraint UK_ldv0v52e0udsh2h1rs0r0gw1n unique (nombre)
2020-04-01 14:26:23.312 DEBUG [servicio-usuarios,,,] 13100 --- [restartedMain] org.hibernate.SQL                        : alter table usuarios add constraint UK_kfsp0s1tflm1cwlj8idhqsad0 unique (email)
2020-04-01 14:26:23.313 DEBUG [servicio-usuarios,,,] 13100 --- [restartedMain] org.hibernate.SQL                        : alter table usuarios add constraint UK_m2dvbwfge291euvmk6vkkocao unique (username)
2020-04-01 14:26:23.313 DEBUG [servicio-usuarios,,,] 13100 --- [restartedMain] org.hibernate.SQL                        : alter table usuarios_roles add constraint UKqjaspm7473pnu9y4jxhrds8r2 unique (usuario_id, role_id)
2020-04-01 14:26:23.314 DEBUG [servicio-usuarios,,,] 13100 --- [restartedMain] org.hibernate.SQL                        : alter table usuarios_roles add constraint FKihom0uklpkfpffipxpoyf7b74 foreign key (role_id) references roles
2020-04-01 14:26:23.320 DEBUG [servicio-usuarios,,,] 13100 --- [restartedMain] org.hibernate.SQL                        : alter table usuarios_roles add constraint FKqcxu02bqipxpr7cjyj9dmhwec foreign key (usuario_id) references usuarios
2020-04-01 14:26:23.322  INFO [servicio-usuarios,,,] 13100 --- [restartedMain] o.h.t.schema.internal.SchemaCreatorImpl  : HHH000476: Executing import script 'ScriptSourceInputFromUrl(file:/C:/Development/Programs/_git/springboot-servicio-usuarios/target/classes/import.sql)'
2020-04-01 14:26:23.323 DEBUG [servicio-usuarios,,,] 13100 --- [restartedMain] org.hibernate.SQL                        : INSERT INTO `usuarios` (username, password, enabled, nombre, apellido, email, edad) VALUES ('andres','$2a$10$ykhXmCAam5FUEF9GN.4Z8OwwWJidvMii6VFYe77cmS2X6oF6p4W86',1, 'Andres', 'Guzman','profesor@bolsadeideas.com',56)
2020-04-01 14:26:23.325 DEBUG [servicio-usuarios,,,] 13100 --- [restartedMain] org.hibernate.SQL                        : INSERT INTO `usuarios` (username, password, enabled, nombre, apellido, email, edad) VALUES ('admin','$2a$10$qGyDfZLBB.SgLv7GCP3uZe3oM38fVtr58T1iZ1LNOvO61loNUAAaK',1, 'John', 'Doe','jhon.doe@bolsadeideas.com', 50)
2020-04-01 14:26:23.325 DEBUG [servicio-usuarios,,,] 13100 --- [restartedMain] org.hibernate.SQL                        : INSERT INTO `usuarios` (username, password, enabled, nombre, apellido, email, edad) VALUES ('camilo','$2a$10$qG7esQiLexWT7R.A9Hvu1utqudjtBRd2VGA5n6voUMslF7u2qYcXW',1, 'Camilo', 'Lalanne','c.lalanne92@gmail.com',27)
2020-04-01 14:26:23.326 DEBUG [servicio-usuarios,,,] 13100 --- [restartedMain] org.hibernate.SQL                        : INSERT INTO `roles` (nombre) VALUES ('ROLE_USER')
2020-04-01 14:26:23.326 DEBUG [servicio-usuarios,,,] 13100 --- [restartedMain] org.hibernate.SQL                        : INSERT INTO `roles` (nombre) VALUES ('ROLE_ADMIN')
2020-04-01 14:26:23.326 DEBUG [servicio-usuarios,,,] 13100 --- [restartedMain] org.hibernate.SQL                        : INSERT INTO `roles` (nombre) VALUES ('ROLE_CAMILIN')
2020-04-01 14:26:23.327 DEBUG [servicio-usuarios,,,] 13100 --- [restartedMain] org.hibernate.SQL                        : INSERT INTO `usuarios_roles` (usuario_id, role_id) VALUES (1, 1)
2020-04-01 14:26:23.327 DEBUG [servicio-usuarios,,,] 13100 --- [restartedMain] org.hibernate.SQL                        : INSERT INTO `usuarios_roles` (usuario_id, role_id) VALUES (2, 2)
2020-04-01 14:26:23.328 DEBUG [servicio-usuarios,,,] 13100 --- [restartedMain] org.hibernate.SQL                        : INSERT INTO `usuarios_roles` (usuario_id, role_id) VALUES (2, 1)
2020-04-01 14:26:23.328 DEBUG [servicio-usuarios,,,] 13100 --- [restartedMain] org.hibernate.SQL                        : INSERT INTO `usuarios_roles` (usuario_id, role_id) VALUES (3, 2)
2020-04-01 14:26:23.329 DEBUG [servicio-usuarios,,,] 13100 --- [restartedMain] org.hibernate.SQL                        : INSERT INTO `usuarios_roles` (usuario_id, role_id) VALUES (3, 1)
2020-04-01 14:26:23.329 DEBUG [servicio-usuarios,,,] 13100 --- [restartedMain] org.hibernate.SQL                        : INSERT INTO `usuarios_roles` (usuario_id, role_id) VALUES (3, 3)
2020-04-01 14:26:23.332  INFO [servicio-usuarios,,,] 13100 --- [restartedMain] j.LocalContainerEntityManagerFactoryBean : Initialized JPA EntityManagerFactory for persistence unit 'default'
2020-04-01 14:26:23.454  WARN [servicio-usuarios,,,] 13100 --- [restartedMain] o.s.b.d.a.OptionalLiveReloadServer       : Unable to start LiveReload server
2020-04-01 14:26:24.243  INFO [servicio-usuarios,,,] 13100 --- [restartedMain] o.h.h.i.QueryTranslatorFactoryInitiator  : HHH000397: Using ASTQueryTranslatorFactory
2020-04-01 14:26:24.660  WARN [servicio-usuarios,,,] 13100 --- [restartedMain] c.n.c.sources.URLConfigurationSource     : No URLs will be polled as dynamic configuration sources.
2020-04-01 14:26:24.660  INFO [servicio-usuarios,,,] 13100 --- [restartedMain] c.n.c.sources.URLConfigurationSource     : To enable URLs as dynamic configuration sources, define System property archaius.configurationSource.additionalUrls or make config.properties available on classpath.
2020-04-01 14:26:24.664  WARN [servicio-usuarios,,,] 13100 --- [restartedMain] c.n.c.sources.URLConfigurationSource     : No URLs will be polled as dynamic configuration sources.
2020-04-01 14:26:24.664  INFO [servicio-usuarios,,,] 13100 --- [restartedMain] c.n.c.sources.URLConfigurationSource     : To enable URLs as dynamic configuration sources, define System property archaius.configurationSource.additionalUrls or make config.properties available on classpath.
2020-04-01 14:26:25.030  INFO [servicio-usuarios,,,] 13100 --- [restartedMain] o.s.s.concurrent.ThreadPoolTaskExecutor  : Initializing ExecutorService 'applicationTaskExecutor'
2020-04-01 14:26:25.096  WARN [servicio-usuarios,,,] 13100 --- [restartedMain] aWebConfiguration$JpaWebMvcConfiguration : spring.jpa.open-in-view is enabled by default. Therefore, database queries may be performed during view rendering. Explicitly configure spring.jpa.open-in-view to disable this warning
2020-04-01 14:26:27.518  INFO [servicio-usuarios,,,] 13100 --- [restartedMain] o.s.b.w.embedded.tomcat.TomcatWebServer  : Tomcat started on port(s): 57725 (http) with context path ''
2020-04-01 14:26:27.519  INFO [servicio-usuarios,,,] 13100 --- [restartedMain] .s.c.n.e.s.EurekaAutoServiceRegistration : Updating port to 57725
2020-04-01 14:26:27.524  INFO [servicio-usuarios,,,] 13100 --- [restartedMain] o.s.c.n.eureka.InstanceInfoFactory       : Setting initial instance status as: STARTING
2020-04-01 14:26:27.555  INFO [servicio-usuarios,,,] 13100 --- [restartedMain] com.netflix.discovery.DiscoveryClient    : Initializing Eureka in region us-east-1
2020-04-01 14:26:28.003  INFO [servicio-usuarios,,,] 13100 --- [restartedMain] c.n.d.provider.DiscoveryJerseyProvider   : Using JSON encoding codec LegacyJacksonJson
2020-04-01 14:26:28.003  INFO [servicio-usuarios,,,] 13100 --- [restartedMain] c.n.d.provider.DiscoveryJerseyProvider   : Using JSON decoding codec LegacyJacksonJson
2020-04-01 14:26:28.096  INFO [servicio-usuarios,,,] 13100 --- [restartedMain] c.n.d.provider.DiscoveryJerseyProvider   : Using XML encoding codec XStreamXml
2020-04-01 14:26:28.097  INFO [servicio-usuarios,,,] 13100 --- [restartedMain] c.n.d.provider.DiscoveryJerseyProvider   : Using XML decoding codec XStreamXml
2020-04-01 14:26:28.262  INFO [servicio-usuarios,,,] 13100 --- [restartedMain] c.n.d.s.r.aws.ConfigClusterResolver      : Resolving eureka endpoints via configuration
2020-04-01 14:26:28.559  INFO [servicio-usuarios,,,] 13100 --- [restartedMain] com.netflix.discovery.DiscoveryClient    : Disable delta property : false
2020-04-01 14:26:28.560  INFO [servicio-usuarios,,,] 13100 --- [restartedMain] com.netflix.discovery.DiscoveryClient    : Single vip registry refresh property : null
2020-04-01 14:26:28.560  INFO [servicio-usuarios,,,] 13100 --- [restartedMain] com.netflix.discovery.DiscoveryClient    : Force full registry fetch : false
2020-04-01 14:26:28.560  INFO [servicio-usuarios,,,] 13100 --- [restartedMain] com.netflix.discovery.DiscoveryClient    : Application is null : false
2020-04-01 14:26:28.560  INFO [servicio-usuarios,,,] 13100 --- [restartedMain] com.netflix.discovery.DiscoveryClient    : Registered Applications size is zero : true
2020-04-01 14:26:28.560  INFO [servicio-usuarios,,,] 13100 --- [restartedMain] com.netflix.discovery.DiscoveryClient    : Application version is -1: true
2020-04-01 14:26:28.560  INFO [servicio-usuarios,,,] 13100 --- [restartedMain] com.netflix.discovery.DiscoveryClient    : Getting all instance registry info from the eureka server
2020-04-01 14:26:28.693  INFO [servicio-usuarios,,,] 13100 --- [restartedMain] com.netflix.discovery.DiscoveryClient    : The response status is 200
2020-04-01 14:26:28.695  INFO [servicio-usuarios,,,] 13100 --- [restartedMain] com.netflix.discovery.DiscoveryClient    : Starting heartbeat executor: renew interval is: 30
2020-04-01 14:26:28.697  INFO [servicio-usuarios,,,] 13100 --- [restartedMain] c.n.discovery.InstanceInfoReplicator     : InstanceInfoReplicator onDemand update allowed rate per min is 4
2020-04-01 14:26:28.700  INFO [servicio-usuarios,,,] 13100 --- [restartedMain] com.netflix.discovery.DiscoveryClient    : Discovery Client initialized at timestamp 1585761988699 with initial instances count: 0
2020-04-01 14:26:28.710  INFO [servicio-usuarios,,,] 13100 --- [restartedMain] o.s.c.n.e.s.EurekaServiceRegistry        : Registering application SERVICIO-USUARIOS with eureka with status UP
2020-04-01 14:26:28.711  INFO [servicio-usuarios,,,] 13100 --- [restartedMain] com.netflix.discovery.DiscoveryClient    : Saw local status change event StatusChangeEvent [timestamp=1585761988711, current=UP, previous=STARTING]
2020-04-01 14:26:28.712  INFO [servicio-usuarios,,,] 13100 --- [DiscoveryClient-InstanceInfoReplicator-0] com.netflix.discovery.DiscoveryClient    : DiscoveryClient_SERVICIO-USUARIOS/servicio-usuarios:0bf011e19a71ab229fa9dbaffab8d695: registering service...
2020-04-01 14:26:28.717  INFO [servicio-usuarios,,,] 13100 --- [restartedMain] .u.SpringbootServicioUsuariosApplication : Started SpringbootServicioUsuariosApplication in 11.679 seconds (JVM running for 12.552)
2020-04-01 14:26:28.772  INFO [servicio-usuarios,,,] 13100 --- [DiscoveryClient-InstanceInfoReplicator-0] com.netflix.discovery.DiscoveryClient    : DiscoveryClient_SERVICIO-USUARIOS/servicio-usuarios:0bf011e19a71ab229fa9dbaffab8d695 - registration status: 204
2020-04-01 14:26:58.697  INFO [servicio-usuarios,,,] 13100 --- [DiscoveryClient-CacheRefreshExecutor-0] com.netflix.discovery.DiscoveryClient    : Disable delta property : false
2020-04-01 14:26:58.697  INFO [servicio-usuarios,,,] 13100 --- [DiscoveryClient-CacheRefreshExecutor-0] com.netflix.discovery.DiscoveryClient    : Single vip registry refresh property : null
2020-04-01 14:26:58.697  INFO [servicio-usuarios,,,] 13100 --- [DiscoveryClient-CacheRefreshExecutor-0] com.netflix.discovery.DiscoveryClient    : Force full registry fetch : false
2020-04-01 14:26:58.697  INFO [servicio-usuarios,,,] 13100 --- [DiscoveryClient-CacheRefreshExecutor-0] com.netflix.discovery.DiscoveryClient    : Application is null : false
2020-04-01 14:26:58.697  INFO [servicio-usuarios,,,] 13100 --- [DiscoveryClient-CacheRefreshExecutor-0] com.netflix.discovery.DiscoveryClient    : Registered Applications size is zero : true
2020-04-01 14:26:58.697  INFO [servicio-usuarios,,,] 13100 --- [DiscoveryClient-CacheRefreshExecutor-0] com.netflix.discovery.DiscoveryClient    : Application version is -1: false
2020-04-01 14:26:58.697  INFO [servicio-usuarios,,,] 13100 --- [DiscoveryClient-CacheRefreshExecutor-0] com.netflix.discovery.DiscoveryClient    : Getting all instance registry info from the eureka server
2020-04-01 14:26:58.734  INFO [servicio-usuarios,,,] 13100 --- [DiscoveryClient-CacheRefreshExecutor-0] com.netflix.discovery.DiscoveryClient    : The response status is 200
2020-04-01 14:28:32.925  INFO [servicio-usuarios,,,] 13100 --- [RMI TCP Connection(11)-127.0.0.1] inMXBeanRegistrar$SpringApplicationAdmin : Application shutdown requested.
2020-04-01 14:28:32.926  INFO [servicio-usuarios,,,] 13100 --- [RMI TCP Connection(11)-127.0.0.1] o.s.c.n.e.s.EurekaServiceRegistry        : Unregistering application SERVICIO-USUARIOS with eureka with status DOWN
2020-04-01 14:28:32.927  WARN [servicio-usuarios,,,] 13100 --- [RMI TCP Connection(11)-127.0.0.1] com.netflix.discovery.DiscoveryClient    : Saw local status change event StatusChangeEvent [timestamp=1585762112926, current=DOWN, previous=UP]
2020-04-01 14:28:32.927  INFO [servicio-usuarios,,,] 13100 --- [DiscoveryClient-InstanceInfoReplicator-0] com.netflix.discovery.DiscoveryClient    : DiscoveryClient_SERVICIO-USUARIOS/servicio-usuarios:0bf011e19a71ab229fa9dbaffab8d695: registering service...
2020-04-01 14:28:32.933  INFO [servicio-usuarios,,,] 13100 --- [DiscoveryClient-InstanceInfoReplicator-0] com.netflix.discovery.DiscoveryClient    : DiscoveryClient_SERVICIO-USUARIOS/servicio-usuarios:0bf011e19a71ab229fa9dbaffab8d695 - registration status: 204
2020-04-01 14:28:32.936  INFO [servicio-usuarios,,,] 13100 --- [RMI TCP Connection(11)-127.0.0.1] o.s.s.concurrent.ThreadPoolTaskExecutor  : Shutting down ExecutorService 'applicationTaskExecutor'
2020-04-01 14:28:32.938  INFO [servicio-usuarios,,,] 13100 --- [RMI TCP Connection(11)-127.0.0.1] j.LocalContainerEntityManagerFactoryBean : Closing JPA EntityManagerFactory for persistence unit 'default'
2020-04-01 14:28:32.938  INFO [servicio-usuarios,,,] 13100 --- [RMI TCP Connection(11)-127.0.0.1] .SchemaDropperImpl$DelayedDropActionImpl : HHH000477: Starting delayed evictData of schema as part of SessionFactory shut-down'
2020-04-01 14:28:32.939 DEBUG [servicio-usuarios,,,] 13100 --- [RMI TCP Connection(11)-127.0.0.1] org.hibernate.SQL                        : drop table roles if exists
2020-04-01 14:28:32.944 DEBUG [servicio-usuarios,,,] 13100 --- [RMI TCP Connection(11)-127.0.0.1] org.hibernate.SQL                        : drop table usuarios if exists
2020-04-01 14:28:32.945 DEBUG [servicio-usuarios,,,] 13100 --- [RMI TCP Connection(11)-127.0.0.1] org.hibernate.SQL                        : drop table usuarios_roles if exists
2020-04-01 14:28:32.954  INFO [servicio-usuarios,,,] 13100 --- [RMI TCP Connection(11)-127.0.0.1] o.s.b.f.support.DisposableBeanAdapter    : Invocation of destroy method failed on bean with name 'inMemoryDatabaseShutdownExecutor': org.h2.jdbc.JdbcSQLNonTransientConnectionException: La base de datos ya esta cerrada (para des-habilitar el cerrado automatico durante el shutdown de la VM, agregue ";DB_CLOSE_ON_EXIT=FALSE" a la URL de conexión)
Database is already closed (to disable automatic closing at VM shutdown, add ";DB_CLOSE_ON_EXIT=FALSE" to the db URL) [90121-199]
2020-04-01 14:28:33.957  WARN [servicio-usuarios,,,] 13100 --- [RMI TCP Connection(11)-127.0.0.1] z.r.AsyncReporter$BoundedAsyncReporter   : Timed out waiting for in-flight spans to send
2020-04-01 14:28:37.437  INFO [servicio-usuarios,,,] 13100 --- [RMI TCP Connection(11)-127.0.0.1] com.netflix.discovery.DiscoveryClient    : Shutting down DiscoveryClient ...
2020-04-01 14:28:40.439  INFO [servicio-usuarios,,,] 13100 --- [RMI TCP Connection(11)-127.0.0.1] com.netflix.discovery.DiscoveryClient    : Unregistering ...
2020-04-01 14:28:40.445  INFO [servicio-usuarios,,,] 13100 --- [RMI TCP Connection(11)-127.0.0.1] com.netflix.discovery.DiscoveryClient    : DiscoveryClient_SERVICIO-USUARIOS/servicio-usuarios:0bf011e19a71ab229fa9dbaffab8d695 - deregister  status: 200
2020-04-01 14:28:40.452  INFO [servicio-usuarios,,,] 13100 --- [RMI TCP Connection(11)-127.0.0.1] com.netflix.discovery.DiscoveryClient    : Completed shut down of DiscoveryClient
2020-04-01 14:28:40.452  INFO [servicio-usuarios,,,] 13100 --- [RMI TCP Connection(11)-127.0.0.1] com.zaxxer.hikari.HikariDataSource       : HikariPool-1 - Shutdown initiated...
2020-04-01 14:28:40.455  INFO [servicio-usuarios,,,] 13100 --- [RMI TCP Connection(11)-127.0.0.1] com.zaxxer.hikari.HikariDataSource       : HikariPool-1 - Shutdown completed.
2020-04-01 14:28:40.703  INFO [servicio-usuarios,,,] 13100 --- [RMI TCP Connection(11)-127.0.0.1] o.apache.catalina.core.StandardService   : Stopping service [Tomcat]
